<?xml version="1.0" encoding="UTF-8"?>
<robot generator="Robot 7.3.2 (Python 3.13.5 on win32)" generated="2025-08-29T10:26:05.102097" rpa="false" schemaversion="5">
<suite id="s1" name="Test" source="C:\Users\afiac\PycharmProjects\ProjetSIGE\tests\test.robot">
<test id="s1-t1" name="Ouvrir Google et vérifier le titre" line="5">
<kw name="Open Browser" owner="SeleniumLibrary">
<msg time="2025-08-29T10:26:05.349371" level="INFO">Opening browser 'chrome' to base url 'https://www.google.com'.</msg>
<msg time="2025-08-29T10:26:13.518199" level="INFO">Cannot capture screenshot because no browser is open.</msg>
<msg time="2025-08-29T10:26:13.518476" level="FAIL">SessionNotCreatedException: Message: session not created: probably user data directory is already in use, please specify a unique value for --user-data-dir argument, or don't use --user-data-dir; For documentation on this error, please visit: https://www.selenium.dev/documentation/webdriver/troubleshooting/errors#sessionnotcreatedexception
Stacktrace:
	GetHandleVerifier [0x0x7ff6941c3d85+79397]
	GetHandleVerifier [0x0x7ff6941c3de0+79488]
	(No symbol) [0x0x7ff693f6c0fa]
	(No symbol) [0x0x7ff693fab186]
	(No symbol) [0x0x7ff693fa53f5]
	(No symbol) [0x0x7ff693ff8bde]
	(No symbol) [0x0x7ff693ff8370]
	(No symbol) [0x0x7ff693feaf73]
	(No symbol) [0x0x7ff693fb41b1]
	(No symbol) [0x0x7ff693fb4f43]
	GetHandleVerifier [0x0x7ff69448e1ed+3005069]
	GetHandleVerifier [0x0x7ff69448831d+2980797]
	GetHandleVerifier [0x0x7ff6944a7e0d+3110573]
	GetHandleVerifier [0x0x7ff6941dd6de+184190]
	GetHandleVerifier [0x0x7ff6941e516f+215567]
	GetHandleVerifier [0x0x7ff6941cc974+115220]
	GetHandleVerifier [0x0x7ff6941ccb29+115657]
	GetHandleVerifier [0x0x7ff6941b3268+11016]
	BaseThreadInitThunk [0x0x7ffe432ce8d7+23]
	RtlUserThreadStart [0x0x7ffe444dc34c+44]
</msg>
<arg>https://www.google.com</arg>
<arg>chrome</arg>
<doc>Opens a new browser instance to the optional ``url``.</doc>
<status status="FAIL" start="2025-08-29T10:26:05.349151" elapsed="8.174555">SessionNotCreatedException: Message: session not created: probably user data directory is already in use, please specify a unique value for --user-data-dir argument, or don't use --user-data-dir; For documentation on this error, please visit: https://www.selenium.dev/documentation/webdriver/troubleshooting/errors#sessionnotcreatedexception
Stacktrace:
	GetHandleVerifier [0x0x7ff6941c3d85+79397]
	GetHandleVerifier [0x0x7ff6941c3de0+79488]
	(No symbol) [0x0x7ff693f6c0fa]
	(No symbol) [0x0x7ff693fab186]
	(No symbol) [0x0x7ff693fa53f5]
	(No symbol) [0x0x7ff693ff8bde]
	(No symbol) [0x0x7ff693ff8370]
	(No symbol) [0x0x7ff693feaf73]
	(No symbol) [0x0x7ff693fb41b1]
	(No symbol) [0x0x7ff693fb4f43]
	GetHandleVerifier [0x0x7ff69448e1ed+3005069]
	GetHandleVerifier [0x0x7ff69448831d+2980797]
	GetHandleVerifier [0x0x7ff6944a7e0d+3110573]
	GetHandleVerifier [0x0x7ff6941dd6de+184190]
	GetHandleVerifier [0x0x7ff6941e516f+215567]
	GetHandleVerifier [0x0x7ff6941cc974+115220]
	GetHandleVerifier [0x0x7ff6941ccb29+115657]
	GetHandleVerifier [0x0x7ff6941b3268+11016]
	BaseThreadInitThunk [0x0x7ffe432ce8d7+23]
	RtlUserThreadStart [0x0x7ffe444dc34c+44]
</status>
</kw>
<kw name="Title Should Be" owner="SeleniumLibrary">
<arg>Google</arg>
<doc>Verifies that the current page title equals ``title``.</doc>
<status status="NOT RUN" start="2025-08-29T10:26:13.525042" elapsed="0.000061"/>
</kw>
<kw name="Close Browser" owner="SeleniumLibrary">
<doc>Closes the current browser.</doc>
<status status="NOT RUN" start="2025-08-29T10:26:13.526256" elapsed="0.000046"/>
</kw>
<status status="FAIL" start="2025-08-29T10:26:05.348284" elapsed="8.178290">SessionNotCreatedException: Message: session not created: probably user data directory is already in use, please specify a unique value for --user-data-dir argument, or don't use --user-data-dir; For documentation on this error, please visit: https://www.selenium.dev/documentation/webdriver/troubleshooting/errors#sessionnotcreatedexception
Stacktrace:
	GetHandleVerifier [0x0x7ff6941c3d85+79397]
	GetHandleVerifier [0x0x7ff6941c3de0+79488]
	(No symbol) [0x0x7ff693f6c0fa]
	(No symbol) [0x0x7ff693fab186]
	(No symbol) [0x0x7ff693fa53f5]
	(No symbol) [0x0x7ff693ff8bde]
	(No symbol) [0x0x7ff693ff8370]
	(No symbol) [0x0x7ff693feaf73]
	(No symbol) [0x0x7ff693fb41b1]
	(No symbol) [0x0x7ff693fb4f43]
	GetHandleVerifier [0x0x7ff69448e1ed+3005069]
	GetHandleVerifier [0x0x7ff69448831d+2980797]
	GetHandleVerifier [0x0x7ff6944a7e0d+3110573]
	GetHandleVerifier [0x0x7ff6941dd6de+184190]
	GetHandleVerifier [0x0x7ff6941e516f+215567]
	GetHandleVerifier [0x0x7ff6941cc974+115220]
	GetHandleVerifier [0x0x7ff6941ccb29+115657]
	GetHandleVerifier [0x0x7ff6941b3268+11016]
	BaseThreadInitThunk [0x0x7ffe432ce8d7+23]
	RtlUserThreadStart [0x0x7ffe444dc34c+44]
</status>
</test>
<status status="FAIL" start="2025-08-29T10:26:05.104830" elapsed="8.422847"/>
</suite>
<statistics>
<total>
<stat pass="0" fail="1" skip="0">All Tests</stat>
</total>
<tag>
</tag>
<suite>
<stat name="Test" id="s1" pass="0" fail="1" skip="0">Test</stat>
</suite>
</statistics>
<errors>
</errors>
</robot>
